<?xml version="1.0" encoding="UTF-8"?>
<testng-results skipped="0" failed="0" ignored="0" total="1" passed="1">
  <reporter-output>
  </reporter-output>
  <suite name="Default suite" duration-ms="63093" started-at="2017-04-10T08:50:56Z" finished-at="2017-04-10T08:51:59Z">
    <groups>
    </groups>
    <test name="Default test" duration-ms="63093" started-at="2017-04-10T08:50:56Z" finished-at="2017-04-10T08:51:59Z">
      <class name="automation.NewTest">
        <test-method status="PASS" signature="TestStarts()[pri:0, instance:automation.NewTest@685cb137]" name="TestStarts" is-config="true" duration-ms="9419" started-at="2017-04-10T14:20:56Z" finished-at="2017-04-10T14:21:06Z">
          <reporter-output>
          </reporter-output>
        </test-method> <!-- TestStarts -->
        <test-method status="PASS" signature="Tc_001()[pri:0, instance:automation.NewTest@685cb137]" name="Tc_001" duration-ms="50636" started-at="2017-04-10T14:21:06Z" finished-at="2017-04-10T14:21:56Z">
          <reporter-output>
          </reporter-output>
        </test-method> <!-- Tc_001 -->
        <test-method status="PASS" signature="TestFinishes()[pri:0, instance:automation.NewTest@685cb137]" name="TestFinishes" is-config="true" duration-ms="3006" started-at="2017-04-10T14:21:56Z" finished-at="2017-04-10T14:21:59Z">
          <reporter-output>
          </reporter-output>
        </test-method> <!-- TestFinishes -->
      </class> <!-- automation.NewTest -->
    </test> <!-- Default test -->
  </suite> <!-- Default suite -->
</testng-results>
